This file contains any messages produced by compilers while
running configure, to aid debugging if configure makes a mistake.

It was created by librabbitmq configure 0.0.1, which was
generated by GNU Autoconf 2.62.  Invocation command line was

  $ ./configure 

## --------- ##
## Platform. ##
## --------- ##

hostname = l-www1.xinwaihui.com
uname -m = amd64
uname -r = 8.1-RELEASE
uname -s = FreeBSD
uname -v = FreeBSD 8.1-RELEASE #0: Mon Jul 19 02:36:49 UTC 2010     root@mason.cse.buffalo.edu:/usr/obj/usr/src/sys/GENERIC 

/usr/bin/uname -p = amd64
/bin/uname -X     = unknown

/bin/arch              = unknown
/usr/bin/arch -k       = unknown
/usr/convex/getsysinfo = unknown
/usr/bin/hostinfo      = unknown
/bin/machine           = unknown
/usr/bin/oslevel       = unknown
/bin/universe          = unknown

PATH: /sbin
PATH: /bin
PATH: /usr/sbin
PATH: /usr/bin
PATH: /usr/games
PATH: /usr/local/sbin
PATH: /usr/local/bin
PATH: /home/skysbird/bin


## ----------- ##
## Core tests. ##
## ----------- ##

configure:2089: checking for a BSD-compatible install
configure:2157: result: /usr/bin/install -c
configure:2168: checking whether build environment is sane
configure:2211: result: yes
configure:2236: checking for a thread-safe mkdir -p
configure:2275: result: ./install-sh -c -d
configure:2288: checking for gawk
configure:2318: result: no
configure:2288: checking for mawk
configure:2318: result: no
configure:2288: checking for nawk
configure:2304: found /usr/bin/nawk
configure:2315: result: nawk
configure:2326: checking whether make sets $(MAKE)
configure:2348: result: yes
configure:2552: checking for style of include used by make
configure:2580: result: GNU
configure:2650: checking for gcc
configure:2666: found /usr/bin/gcc
configure:2677: result: gcc
configure:2915: checking for C compiler version
configure:2923: gcc --version >&5
gcc (GCC) 4.2.1 20070719  [FreeBSD]
Copyright (C) 2007 Free Software Foundation, Inc.
This is free software; see the source for copying conditions.  There is NO
warranty; not even for MERCHANTABILITY or FITNESS FOR A PARTICULAR PURPOSE.

configure:2927: $? = 0
configure:2934: gcc -v >&5
Using built-in specs.
Target: amd64-undermydesk-freebsd
Configured with: FreeBSD/amd64 system compiler
Thread model: posix
gcc version 4.2.1 20070719  [FreeBSD]
configure:2938: $? = 0
configure:2945: gcc -V >&5
gcc: '-V' option must have argument
configure:2949: $? = 1
configure:2972: checking for C compiler default output file name
configure:2994: gcc    conftest.c  >&5
configure:2998: $? = 0
configure:3036: result: a.out
configure:3053: checking whether the C compiler works
configure:3063: ./a.out
configure:3067: $? = 0
configure:3084: result: yes
configure:3091: checking whether we are cross compiling
configure:3093: result: no
configure:3096: checking for suffix of executables
configure:3103: gcc -o conftest    conftest.c  >&5
configure:3107: $? = 0
configure:3131: result: 
configure:3137: checking for suffix of object files
configure:3163: gcc -c   conftest.c >&5
configure:3167: $? = 0
configure:3190: result: o
configure:3194: checking whether we are using the GNU C compiler
configure:3223: gcc -c   conftest.c >&5
configure:3230: $? = 0
configure:3247: result: yes
configure:3256: checking whether gcc accepts -g
configure:3286: gcc -c -g  conftest.c >&5
configure:3293: $? = 0
configure:3394: result: yes
configure:3411: checking for gcc option to accept ISO C89
configure:3485: gcc  -c -g -O2  conftest.c >&5
configure:3492: $? = 0
configure:3515: result: none needed
configure:3535: checking dependency style of gcc
configure:3626: result: gcc3
configure:3647: checking how to run the C preprocessor
configure:3687: gcc -E  conftest.c
configure:3694: $? = 0
configure:3725: gcc -E  conftest.c
conftest.c:10:28: error: ac_nonexistent.h: No such file or directory
configure:3732: $? = 1
configure: failed program was:
| /* confdefs.h.  */
| #define PACKAGE_NAME "librabbitmq"
| #define PACKAGE_TARNAME "librabbitmq"
| #define PACKAGE_VERSION "0.0.1"
| #define PACKAGE_STRING "librabbitmq 0.0.1"
| #define PACKAGE_BUGREPORT "support@rabbitmq.com"
| #define PACKAGE "librabbitmq"
| #define VERSION "0.0.1"
| /* end confdefs.h.  */
| #include <ac_nonexistent.h>
configure:3765: result: gcc -E
configure:3794: gcc -E  conftest.c
configure:3801: $? = 0
configure:3832: gcc -E  conftest.c
conftest.c:10:28: error: ac_nonexistent.h: No such file or directory
configure:3839: $? = 1
configure: failed program was:
| /* confdefs.h.  */
| #define PACKAGE_NAME "librabbitmq"
| #define PACKAGE_TARNAME "librabbitmq"
| #define PACKAGE_VERSION "0.0.1"
| #define PACKAGE_STRING "librabbitmq 0.0.1"
| #define PACKAGE_BUGREPORT "support@rabbitmq.com"
| #define PACKAGE "librabbitmq"
| #define VERSION "0.0.1"
| /* end confdefs.h.  */
| #include <ac_nonexistent.h>
configure:3877: checking for grep that handles long lines and -e
configure:3937: result: /usr/bin/grep
configure:3942: checking for egrep
configure:4006: result: /usr/bin/grep -E
configure:4011: checking for ANSI C header files
configure:4041: gcc -c -g -O2  conftest.c >&5
configure:4048: $? = 0
configure:4147: gcc -o conftest -g -O2   conftest.c  >&5
configure:4151: $? = 0
configure:4157: ./conftest
configure:4161: $? = 0
configure:4179: result: yes
configure:4203: checking for sys/types.h
configure:4224: gcc -c -g -O2  conftest.c >&5
configure:4231: $? = 0
configure:4248: result: yes
configure:4203: checking for sys/stat.h
configure:4224: gcc -c -g -O2  conftest.c >&5
configure:4231: $? = 0
configure:4248: result: yes
configure:4203: checking for stdlib.h
configure:4224: gcc -c -g -O2  conftest.c >&5
configure:4231: $? = 0
configure:4248: result: yes
configure:4203: checking for string.h
configure:4224: gcc -c -g -O2  conftest.c >&5
configure:4231: $? = 0
configure:4248: result: yes
configure:4203: checking for memory.h
configure:4224: gcc -c -g -O2  conftest.c >&5
configure:4231: $? = 0
configure:4248: result: yes
configure:4203: checking for strings.h
configure:4224: gcc -c -g -O2  conftest.c >&5
configure:4231: $? = 0
configure:4248: result: yes
configure:4203: checking for inttypes.h
configure:4224: gcc -c -g -O2  conftest.c >&5
configure:4231: $? = 0
configure:4248: result: yes
configure:4203: checking for stdint.h
configure:4224: gcc -c -g -O2  conftest.c >&5
configure:4231: $? = 0
configure:4248: result: yes
configure:4203: checking for unistd.h
configure:4224: gcc -c -g -O2  conftest.c >&5
configure:4231: $? = 0
configure:4248: result: yes
configure:4272: checking minix/config.h usability
configure:4289: gcc -c -g -O2  conftest.c >&5
conftest.c:53:26: error: minix/config.h: No such file or directory
configure:4296: $? = 1
configure: failed program was:
| /* confdefs.h.  */
| #define PACKAGE_NAME "librabbitmq"
| #define PACKAGE_TARNAME "librabbitmq"
| #define PACKAGE_VERSION "0.0.1"
| #define PACKAGE_STRING "librabbitmq 0.0.1"
| #define PACKAGE_BUGREPORT "support@rabbitmq.com"
| #define PACKAGE "librabbitmq"
| #define VERSION "0.0.1"
| #define STDC_HEADERS 1
| #define HAVE_SYS_TYPES_H 1
| #define HAVE_SYS_STAT_H 1
| #define HAVE_STDLIB_H 1
| #define HAVE_STRING_H 1
| #define HAVE_MEMORY_H 1
| #define HAVE_STRINGS_H 1
| #define HAVE_INTTYPES_H 1
| #define HAVE_STDINT_H 1
| #define HAVE_UNISTD_H 1
| /* end confdefs.h.  */
| #include <stdio.h>
| #ifdef HAVE_SYS_TYPES_H
| # include <sys/types.h>
| #endif
| #ifdef HAVE_SYS_STAT_H
| # include <sys/stat.h>
| #endif
| #ifdef STDC_HEADERS
| # include <stdlib.h>
| # include <stddef.h>
| #else
| # ifdef HAVE_STDLIB_H
| #  include <stdlib.h>
| # endif
| #endif
| #ifdef HAVE_STRING_H
| # if !defined STDC_HEADERS && defined HAVE_MEMORY_H
| #  include <memory.h>
| # endif
| # include <string.h>
| #endif
| #ifdef HAVE_STRINGS_H
| # include <strings.h>
| #endif
| #ifdef HAVE_INTTYPES_H
| # include <inttypes.h>
| #endif
| #ifdef HAVE_STDINT_H
| # include <stdint.h>
| #endif
| #ifdef HAVE_UNISTD_H
| # include <unistd.h>
| #endif
| #include <minix/config.h>
configure:4310: result: no
configure:4314: checking minix/config.h presence
configure:4329: gcc -E  conftest.c
conftest.c:20:26: error: minix/config.h: No such file or directory
configure:4336: $? = 1
configure: failed program was:
| /* confdefs.h.  */
| #define PACKAGE_NAME "librabbitmq"
| #define PACKAGE_TARNAME "librabbitmq"
| #define PACKAGE_VERSION "0.0.1"
| #define PACKAGE_STRING "librabbitmq 0.0.1"
| #define PACKAGE_BUGREPORT "support@rabbitmq.com"
| #define PACKAGE "librabbitmq"
| #define VERSION "0.0.1"
| #define STDC_HEADERS 1
| #define HAVE_SYS_TYPES_H 1
| #define HAVE_SYS_STAT_H 1
| #define HAVE_STDLIB_H 1
| #define HAVE_STRING_H 1
| #define HAVE_MEMORY_H 1
| #define HAVE_STRINGS_H 1
| #define HAVE_INTTYPES_H 1
| #define HAVE_STDINT_H 1
| #define HAVE_UNISTD_H 1
| /* end confdefs.h.  */
| #include <minix/config.h>
configure:4350: result: no
configure:4383: checking for minix/config.h
configure:4390: result: no
configure:4421: checking whether it is safe to define __EXTENSIONS__
configure:4449: gcc -c -g -O2  conftest.c >&5
configure:4456: $? = 0
configure:4471: result: yes
configure:4543: checking for gcc
configure:4570: result: gcc
configure:4808: checking for C compiler version
configure:4816: gcc --version >&5
gcc (GCC) 4.2.1 20070719  [FreeBSD]
Copyright (C) 2007 Free Software Foundation, Inc.
This is free software; see the source for copying conditions.  There is NO
warranty; not even for MERCHANTABILITY or FITNESS FOR A PARTICULAR PURPOSE.

configure:4820: $? = 0
configure:4827: gcc -v >&5
Using built-in specs.
Target: amd64-undermydesk-freebsd
Configured with: FreeBSD/amd64 system compiler
Thread model: posix
gcc version 4.2.1 20070719  [FreeBSD]
configure:4831: $? = 0
configure:4838: gcc -V >&5
gcc: '-V' option must have argument
configure:4842: $? = 1
configure:4845: checking whether we are using the GNU C compiler
configure:4898: result: yes
configure:4907: checking whether gcc accepts -g
configure:5045: result: yes
configure:5062: checking for gcc option to accept ISO C89
configure:5166: result: none needed
configure:5186: checking dependency style of gcc
configure:5277: result: gcc3
configure:5299: checking build system type
configure:5317: result: x86_64-unknown-freebsd8.1
configure:5339: checking host system type
configure:5354: result: x86_64-unknown-freebsd8.1
configure:5716: checking for a sed that does not truncate output
configure:5782: result: /usr/bin/sed
configure:5800: checking for fgrep
configure:5864: result: /usr/bin/grep -F
configure:5899: checking for ld used by gcc
configure:5966: result: /usr/bin/ld
configure:5975: checking if the linker (/usr/bin/ld) is GNU ld
configure:5990: result: yes
configure:6002: checking for BSD- or MS-compatible name lister (nm)
configure:6051: result: /usr/bin/nm -B
configure:6173: checking the name lister (/usr/bin/nm -B) interface
configure:6180: gcc -c -g -O2  conftest.c >&5
configure:6183: /usr/bin/nm -B "conftest.o"
configure:6186: output
0000000000000000 B some_variable
configure:6193: result: BSD nm
configure:6196: checking whether ln -s works
configure:6200: result: yes
configure:6208: checking the maximum length of command line arguments
configure:6328: result: 196608
configure:6345: checking whether the shell understands some XSI constructs
configure:6355: result: yes
configure:6359: checking whether the shell understands "+="
configure:6365: result: no
configure:6400: checking for /usr/bin/ld option to reload object files
configure:6407: result: -r
configure:6476: checking for objdump
configure:6503: result: objdump
configure:6536: checking how to recognize dependent libraries
configure:6732: result: pass_all
configure:6792: checking for ar
configure:6808: found /usr/bin/ar
configure:6819: result: ar
configure:6901: checking for strip
configure:6917: found /usr/bin/strip
configure:6928: result: strip
configure:7004: checking for ranlib
configure:7020: found /usr/bin/ranlib
configure:7031: result: ranlib
configure:7125: checking command to parse /usr/bin/nm -B output from gcc object
configure:7243: gcc -c -g -O2  conftest.c >&5
configure:7246: $? = 0
configure:7250: /usr/bin/nm -B conftest.o \| sed -n -e 's/^.*[	 ]\([ABCDGIRSTW][ABCDGIRSTW]*\)[	 ][	 ]*\([_A-Za-z][_A-Za-z0-9]*\)$/\1 \2 \2/p' \> conftest.nm
configure:7253: $? = 0
configure:7307: gcc -o conftest -g -O2   conftest.c conftstm.o >&5
configure:7310: $? = 0
configure:7348: result: ok
configure:8233: checking for dlfcn.h
configure:8254: gcc -c -g -O2  conftest.c >&5
configure:8261: $? = 0
configure:8278: result: yes
configure:8461: checking for objdir
configure:8476: result: .libs
configure:8768: checking if gcc supports -fno-rtti -fno-exceptions
configure:8786: gcc -c -g -O2  -fno-rtti -fno-exceptions conftest.c >&5
cc1: warning: command line option "-fno-rtti" is valid for C++/ObjC++ but not for C
configure:8790: $? = 0
configure:8803: result: no
configure:8823: checking for gcc option to produce PIC
configure:9095: result: -fPIC -DPIC
configure:9107: checking if gcc PIC flag -fPIC -DPIC works
configure:9125: gcc -c -g -O2  -fPIC -DPIC -DPIC conftest.c >&5
configure:9129: $? = 0
configure:9142: result: yes
configure:9166: checking if gcc static flag -static works
configure:9194: result: yes
configure:9209: checking if gcc supports -c -o file.o
configure:9230: gcc -c -g -O2  -o out/conftest2.o conftest.c >&5
configure:9234: $? = 0
configure:9256: result: yes
configure:9264: checking if gcc supports -c -o file.o
configure:9311: result: yes
configure:9344: checking whether the gcc linker (/usr/bin/ld) supports shared libraries
configure:10418: result: yes
configure:10455: checking whether -lc should be explicitly linked in
configure:10460: gcc -c -g -O2  conftest.c >&5
configure:10463: $? = 0
configure:10478: gcc -shared conftest.o  -v -Wl,-soname -Wl,conftest -o conftest 2\>\&1 \| /usr/bin/grep  -lc  \>/dev/null 2\>\&1
configure:10481: $? = 0
configure:10493: result: no
configure:10657: checking dynamic linker characteristics
configure:11340: result: freebsd8.1 ld.so
configure:11442: checking how to hardcode library paths into programs
configure:11467: result: immediate
configure:12300: checking whether stripping libraries is possible
configure:12305: result: yes
configure:12340: checking if libtool supports shared libraries
configure:12342: result: yes
configure:12345: checking whether to build shared libraries
configure:12366: result: yes
configure:12369: checking whether to build static libraries
configure:12373: result: yes
configure:12409: checking for ANSI C header files
configure:12577: result: yes
configure:12594: checking host system type
configure:12609: result: x86_64-unknown-freebsd8.1
configure:12672: checking for inline
configure:12698: gcc -c -g -O2 -Wall -ansi -pedantic  conftest.c >&5
conftest.c:30: error: expected '=', ',', ';', 'asm' or '__attribute__' before 'foo_t'
conftest.c:31: error: expected '=', ',', ';', 'asm' or '__attribute__' before 'foo_t'
configure:12705: $? = 1
configure: failed program was:
| /* confdefs.h.  */
| #define PACKAGE_NAME "librabbitmq"
| #define PACKAGE_TARNAME "librabbitmq"
| #define PACKAGE_VERSION "0.0.1"
| #define PACKAGE_STRING "librabbitmq 0.0.1"
| #define PACKAGE_BUGREPORT "support@rabbitmq.com"
| #define PACKAGE "librabbitmq"
| #define VERSION "0.0.1"
| #define STDC_HEADERS 1
| #define HAVE_SYS_TYPES_H 1
| #define HAVE_SYS_STAT_H 1
| #define HAVE_STDLIB_H 1
| #define HAVE_STRING_H 1
| #define HAVE_MEMORY_H 1
| #define HAVE_STRINGS_H 1
| #define HAVE_INTTYPES_H 1
| #define HAVE_STDINT_H 1
| #define HAVE_UNISTD_H 1
| #define __EXTENSIONS__ 1
| #define _ALL_SOURCE 1
| #define _GNU_SOURCE 1
| #define _POSIX_PTHREAD_SEMANTICS 1
| #define _TANDEM_SOURCE 1
| #define HAVE_DLFCN_H 1
| #define LT_OBJDIR ".libs/"
| #define STDC_HEADERS 1
| /* end confdefs.h.  */
| #ifndef __cplusplus
| typedef int foo_t;
| static inline foo_t static_foo () {return 0; }
| inline foo_t foo () {return 0; }
| #endif
| 
configure:12698: gcc -c -g -O2 -Wall -ansi -pedantic  conftest.c >&5
configure:12705: $? = 0
configure:12723: result: __inline__
configure:12745: checking whether byte ordering is bigendian
configure:12770: gcc -c -g -O2 -Wall  conftest.c >&5
conftest.c:32: error: expected '=', ',', ';', 'asm' or '__attribute__' before 'is'
configure:12777: $? = 1
configure: failed program was:
| /* confdefs.h.  */
| #define PACKAGE_NAME "librabbitmq"
| #define PACKAGE_TARNAME "librabbitmq"
| #define PACKAGE_VERSION "0.0.1"
| #define PACKAGE_STRING "librabbitmq 0.0.1"
| #define PACKAGE_BUGREPORT "support@rabbitmq.com"
| #define PACKAGE "librabbitmq"
| #define VERSION "0.0.1"
| #define STDC_HEADERS 1
| #define HAVE_SYS_TYPES_H 1
| #define HAVE_SYS_STAT_H 1
| #define HAVE_STDLIB_H 1
| #define HAVE_STRING_H 1
| #define HAVE_MEMORY_H 1
| #define HAVE_STRINGS_H 1
| #define HAVE_INTTYPES_H 1
| #define HAVE_STDINT_H 1
| #define HAVE_UNISTD_H 1
| #define __EXTENSIONS__ 1
| #define _ALL_SOURCE 1
| #define _GNU_SOURCE 1
| #define _POSIX_PTHREAD_SEMANTICS 1
| #define _TANDEM_SOURCE 1
| #define HAVE_DLFCN_H 1
| #define LT_OBJDIR ".libs/"
| #define STDC_HEADERS 1
| #ifndef __cplusplus
| #define inline __inline__
| #endif
| /* end confdefs.h.  */
| #if ! (defined __BIG_ENDIAN__ || defined __LITTLE_ENDIAN__)
| 	       neither is defined;
| 	     #endif
| 	     typedef int dummy;
| 
configure:12821: gcc -c -g -O2 -Wall  conftest.c >&5
configure:12828: $? = 0
configure:12860: gcc -c -g -O2 -Wall  conftest.c >&5
conftest.c: In function 'main':
conftest.c:38: error: 'not' undeclared (first use in this function)
conftest.c:38: error: (Each undeclared identifier is reported only once
conftest.c:38: error: for each function it appears in.)
conftest.c:38: error: expected ';' before 'big'
configure:12867: $? = 1
configure: failed program was:
| /* confdefs.h.  */
| #define PACKAGE_NAME "librabbitmq"
| #define PACKAGE_TARNAME "librabbitmq"
| #define PACKAGE_VERSION "0.0.1"
| #define PACKAGE_STRING "librabbitmq 0.0.1"
| #define PACKAGE_BUGREPORT "support@rabbitmq.com"
| #define PACKAGE "librabbitmq"
| #define VERSION "0.0.1"
| #define STDC_HEADERS 1
| #define HAVE_SYS_TYPES_H 1
| #define HAVE_SYS_STAT_H 1
| #define HAVE_STDLIB_H 1
| #define HAVE_STRING_H 1
| #define HAVE_MEMORY_H 1
| #define HAVE_STRINGS_H 1
| #define HAVE_INTTYPES_H 1
| #define HAVE_STDINT_H 1
| #define HAVE_UNISTD_H 1
| #define __EXTENSIONS__ 1
| #define _ALL_SOURCE 1
| #define _GNU_SOURCE 1
| #define _POSIX_PTHREAD_SEMANTICS 1
| #define _TANDEM_SOURCE 1
| #define HAVE_DLFCN_H 1
| #define LT_OBJDIR ".libs/"
| #define STDC_HEADERS 1
| #ifndef __cplusplus
| #define inline __inline__
| #endif
| /* end confdefs.h.  */
| #include <sys/types.h>
| 		#include <sys/param.h>
| 
| int
| main ()
| {
| #if BYTE_ORDER != BIG_ENDIAN
| 		 not big endian
| 		#endif
| 
|   ;
|   return 0;
| }
configure:13119: result: no
configure:13152: checking location of AMQP codegen directory
configure:13162: result: codegen
configure:13170: checking finding a python with simplejson installed
configure:11: result: python
configure:13239: checking for poptGetContext in -lpopt
configure:13274: gcc -o conftest -g -O2 -Wall   conftest.c -lpopt   >&5
/usr/bin/ld: cannot find -lpopt
configure:13281: $? = 1
configure: failed program was:
| /* confdefs.h.  */
| #define PACKAGE_NAME "librabbitmq"
| #define PACKAGE_TARNAME "librabbitmq"
| #define PACKAGE_VERSION "0.0.1"
| #define PACKAGE_STRING "librabbitmq 0.0.1"
| #define PACKAGE_BUGREPORT "support@rabbitmq.com"
| #define PACKAGE "librabbitmq"
| #define VERSION "0.0.1"
| #define STDC_HEADERS 1
| #define HAVE_SYS_TYPES_H 1
| #define HAVE_SYS_STAT_H 1
| #define HAVE_STDLIB_H 1
| #define HAVE_STRING_H 1
| #define HAVE_MEMORY_H 1
| #define HAVE_STRINGS_H 1
| #define HAVE_INTTYPES_H 1
| #define HAVE_STDINT_H 1
| #define HAVE_UNISTD_H 1
| #define __EXTENSIONS__ 1
| #define _ALL_SOURCE 1
| #define _GNU_SOURCE 1
| #define _POSIX_PTHREAD_SEMANTICS 1
| #define _TANDEM_SOURCE 1
| #define HAVE_DLFCN_H 1
| #define LT_OBJDIR ".libs/"
| #define STDC_HEADERS 1
| #ifndef __cplusplus
| #define inline __inline__
| #endif
| /* end confdefs.h.  */
| 
| /* Override any GCC internal prototype to avoid an error.
|    Use char because int might match the return type of a GCC
|    builtin and then its argument prototype would still apply.  */
| #ifdef __cplusplus
| extern "C"
| #endif
| char poptGetContext ();
| int
| main ()
| {
| return poptGetContext ();
|   ;
|   return 0;
| }
configure:13302: result: no
configure:13497: checking for xmlto
configure:13527: result: no
configure:13711: creating ./config.status

## ---------------------- ##
## Running config.status. ##
## ---------------------- ##

This file was extended by librabbitmq config.status 0.0.1, which was
generated by GNU Autoconf 2.62.  Invocation command line was

  CONFIG_FILES    = 
  CONFIG_HEADERS  = 
  CONFIG_LINKS    = 
  CONFIG_COMMANDS = 
  $ ./config.status 

on l-www1.xinwaihui.com

config.status:1010: creating Makefile
config.status:1010: creating librabbitmq/Makefile
config.status:1010: creating tests/Makefile
config.status:1010: creating examples/Makefile
config.status:1010: creating tools/Makefile
config.status:1010: creating tools/doc/Makefile
config.status:1010: creating config.h
config.status:1232: config.h is unchanged
config.status:1284: executing depfiles commands
config.status:1284: executing libtool commands

## ---------------- ##
## Cache variables. ##
## ---------------- ##

ac_cv_build=x86_64-unknown-freebsd8.1
ac_cv_c_bigendian=no
ac_cv_c_compiler_gnu=yes
ac_cv_c_inline=__inline__
ac_cv_env_CC_set=''
ac_cv_env_CC_value=''
ac_cv_env_CFLAGS_set=''
ac_cv_env_CFLAGS_value=''
ac_cv_env_CPPFLAGS_set=''
ac_cv_env_CPPFLAGS_value=''
ac_cv_env_CPP_set=''
ac_cv_env_CPP_value=''
ac_cv_env_LDFLAGS_set=''
ac_cv_env_LDFLAGS_value=''
ac_cv_env_LIBS_set=''
ac_cv_env_LIBS_value=''
ac_cv_env_build_alias_set=''
ac_cv_env_build_alias_value=''
ac_cv_env_host_alias_set=''
ac_cv_env_host_alias_value=''
ac_cv_env_target_alias_set=''
ac_cv_env_target_alias_value=''
ac_cv_header_dlfcn_h=yes
ac_cv_header_inttypes_h=yes
ac_cv_header_memory_h=yes
ac_cv_header_minix_config_h=no
ac_cv_header_stdc=yes
ac_cv_header_stdint_h=yes
ac_cv_header_stdlib_h=yes
ac_cv_header_string_h=yes
ac_cv_header_strings_h=yes
ac_cv_header_sys_stat_h=yes
ac_cv_header_sys_types_h=yes
ac_cv_header_unistd_h=yes
ac_cv_host=x86_64-unknown-freebsd8.1
ac_cv_lib_popt_poptGetContext=no
ac_cv_objext=o
ac_cv_path_EGREP='/usr/bin/grep -E'
ac_cv_path_FGREP='/usr/bin/grep -F'
ac_cv_path_GREP=/usr/bin/grep
ac_cv_path_SED=/usr/bin/sed
ac_cv_path_install='/usr/bin/install -c'
ac_cv_prog_AWK=nawk
ac_cv_prog_CPP='gcc -E'
ac_cv_prog_ac_ct_AR=ar
ac_cv_prog_ac_ct_CC=gcc
ac_cv_prog_ac_ct_OBJDUMP=objdump
ac_cv_prog_ac_ct_RANLIB=ranlib
ac_cv_prog_ac_ct_STRIP=strip
ac_cv_prog_cc_c89=''
ac_cv_prog_cc_g=yes
ac_cv_prog_make_make_set=yes
ac_cv_safe_to_define___extensions__=yes
am_cv_CC_dependencies_compiler_type=gcc3
lt_cv_deplibs_check_method=pass_all
lt_cv_file_magic_cmd='$MAGIC_CMD'
lt_cv_file_magic_test_file=''
lt_cv_ld_reload_flag=-r
lt_cv_nm_interface='BSD nm'
lt_cv_objdir=.libs
lt_cv_path_LD=/usr/bin/ld
lt_cv_path_NM='/usr/bin/nm -B'
lt_cv_prog_compiler_c_o=yes
lt_cv_prog_compiler_pic_works=yes
lt_cv_prog_compiler_rtti_exceptions=no
lt_cv_prog_compiler_static_works=yes
lt_cv_prog_gnu_ld=yes
lt_cv_sys_global_symbol_pipe='sed -n -e '\''s/^.*[	 ]\([ABCDGIRSTW][ABCDGIRSTW]*\)[	 ][	 ]*\([_A-Za-z][_A-Za-z0-9]*\)$/\1 \2 \2/p'\'
lt_cv_sys_global_symbol_to_c_name_address='sed -n -e '\''s/^: \([^ ]*\) $/  {\"\1\", (void *) 0},/p'\'' -e '\''s/^[ABCDGIRSTW]* \([^ ]*\) \([^ ]*\)$/  {"\2", (void *) \&\2},/p'\'
lt_cv_sys_global_symbol_to_c_name_address_lib_prefix='sed -n -e '\''s/^: \([^ ]*\) $/  {\"\1\", (void *) 0},/p'\'' -e '\''s/^[ABCDGIRSTW]* \([^ ]*\) \(lib[^ ]*\)$/  {"\2", (void *) \&\2},/p'\'' -e '\''s/^[ABCDGIRSTW]* \([^ ]*\) \([^ ]*\)$/  {"lib\2", (void *) \&\2},/p'\'
lt_cv_sys_global_symbol_to_cdecl='sed -n -e '\''s/^T .* \(.*\)$/extern int \1();/p'\'' -e '\''s/^[ABCDGIRSTW]* .* \(.*\)$/extern char \1;/p'\'
lt_cv_sys_max_cmd_len=196608

## ----------------- ##
## Output variables. ##
## ----------------- ##

ACLOCAL='${SHELL} /usr/home/skysbird/celery-php-skysbird/celery-php/rabbitmq-c/missing --run aclocal-1.10'
AMDEPBACKSLASH='\'
AMDEP_FALSE='#'
AMDEP_TRUE=''
AMQP_CODEGEN_DIR='codegen'
AMQP_SPEC_JSON_PATH='codegen/amqp-rabbitmq-0.9.1.json'
AMTAR='${SHELL} /usr/home/skysbird/celery-php-skysbird/celery-php/rabbitmq-c/missing --run tar'
AR='ar'
AS='as'
AUTOCONF='${SHELL} /usr/home/skysbird/celery-php-skysbird/celery-php/rabbitmq-c/missing --run autoconf'
AUTOHEADER='${SHELL} /usr/home/skysbird/celery-php-skysbird/celery-php/rabbitmq-c/missing --run autoheader'
AUTOMAKE='${SHELL} /usr/home/skysbird/celery-php-skysbird/celery-php/rabbitmq-c/missing --run automake-1.10'
AWK='nawk'
CC='gcc'
CCDEPMODE='depmode=gcc3'
CFLAGS='-g -O2 -Wall'
CPP='gcc -E'
CPPFLAGS=''
CYGPATH_W='echo'
DEFS='-DHAVE_CONFIG_H'
DEPDIR='.deps'
DLLTOOL='dlltool'
DSYMUTIL=''
DUMPBIN=''
ECHO_C=''
ECHO_N='-n'
ECHO_T=''
EGREP='/usr/bin/grep -E'
EXEEXT=''
EXTRA_LIBS=''
FGREP='/usr/bin/grep -F'
GCC_FALSE='#'
GCC_TRUE=''
GREP='/usr/bin/grep'
INSTALL_DATA='${INSTALL} -m 644'
INSTALL_PROGRAM='${INSTALL}'
INSTALL_SCRIPT='${INSTALL}'
INSTALL_STRIP_PROGRAM='$(install_sh) -c -s'
LD='/usr/bin/ld'
LDFLAGS=''
LIBOBJS=''
LIBPOPT=''
LIBS=''
LIBTOOL='$(SHELL) $(top_builddir)/libtool'
LIPO=''
LN_S='ln -s'
LTLIBOBJS=''
MAKEINFO='${SHELL} /usr/home/skysbird/celery-php-skysbird/celery-php/rabbitmq-c/missing --run makeinfo'
MKDIR_P='./install-sh -c -d'
NM='/usr/bin/nm -B'
NMEDIT=''
OBJDUMP='objdump'
OBJEXT='o'
OTOOL64=''
OTOOL=''
PACKAGE='librabbitmq'
PACKAGE_BUGREPORT='support@rabbitmq.com'
PACKAGE_NAME='librabbitmq'
PACKAGE_STRING='librabbitmq 0.0.1'
PACKAGE_TARNAME='librabbitmq'
PACKAGE_VERSION='0.0.1'
PATH_SEPARATOR=':'
PLATFORM_DIR='unix'
PYTHON='python'
RANLIB='ranlib'
SED='/usr/bin/sed'
SET_MAKE=''
SHELL='/bin/sh'
STRIP='strip'
TOOLS_DOC_FALSE=''
TOOLS_DOC_TRUE='#'
TOOLS_FALSE=''
TOOLS_TRUE='#'
USE_MSINTTYPES_FALSE=''
USE_MSINTTYPES_TRUE='#'
VERSION='0.0.1'
WINDOWS_FALSE=''
WINDOWS_TRUE='#'
XMLTO=''
ac_ct_CC='gcc'
ac_ct_DUMPBIN=''
am__fastdepCC_FALSE='#'
am__fastdepCC_TRUE=''
am__include='include'
am__isrc=''
am__leading_dot='.'
am__quote=''
am__tar='${AMTAR} chof - "$$tardir"'
am__untar='${AMTAR} xf -'
bindir='${exec_prefix}/bin'
build='x86_64-unknown-freebsd8.1'
build_alias=''
build_cpu='x86_64'
build_os='freebsd8.1'
build_vendor='unknown'
datadir='${datarootdir}'
datarootdir='${prefix}/share'
docdir='${datarootdir}/doc/${PACKAGE_TARNAME}'
dvidir='${docdir}'
exec_prefix='${prefix}'
host='x86_64-unknown-freebsd8.1'
host_alias=''
host_cpu='x86_64'
host_os='freebsd8.1'
host_vendor='unknown'
htmldir='${docdir}'
includedir='${prefix}/include'
infodir='${datarootdir}/info'
install_sh='$(SHELL) /usr/home/skysbird/celery-php-skysbird/celery-php/rabbitmq-c/install-sh'
libdir='${exec_prefix}/lib'
libexecdir='${exec_prefix}/libexec'
localedir='${datarootdir}/locale'
localstatedir='${prefix}/var'
lt_ECHO='echo'
mandir='${datarootdir}/man'
mkdir_p='$(top_builddir)/./install-sh -c -d'
oldincludedir='/usr/include'
pdfdir='${docdir}'
prefix='/usr/local'
program_transform_name='s,x,x,'
psdir='${docdir}'
sbindir='${exec_prefix}/sbin'
sharedstatedir='${prefix}/com'
sysconfdir='${prefix}/etc'
target_alias=''

## ----------- ##
## confdefs.h. ##
## ----------- ##

#define PACKAGE_NAME "librabbitmq"
#define PACKAGE_TARNAME "librabbitmq"
#define PACKAGE_VERSION "0.0.1"
#define PACKAGE_STRING "librabbitmq 0.0.1"
#define PACKAGE_BUGREPORT "support@rabbitmq.com"
#define PACKAGE "librabbitmq"
#define VERSION "0.0.1"
#define STDC_HEADERS 1
#define HAVE_SYS_TYPES_H 1
#define HAVE_SYS_STAT_H 1
#define HAVE_STDLIB_H 1
#define HAVE_STRING_H 1
#define HAVE_MEMORY_H 1
#define HAVE_STRINGS_H 1
#define HAVE_INTTYPES_H 1
#define HAVE_STDINT_H 1
#define HAVE_UNISTD_H 1
#define __EXTENSIONS__ 1
#define _ALL_SOURCE 1
#define _GNU_SOURCE 1
#define _POSIX_PTHREAD_SEMANTICS 1
#define _TANDEM_SOURCE 1
#define HAVE_DLFCN_H 1
#define LT_OBJDIR ".libs/"
#define STDC_HEADERS 1
#ifndef __cplusplus
#define inline __inline__
#endif

configure: exit 0

## ---------------------- ##
## Running config.status. ##
## ---------------------- ##

This file was extended by librabbitmq config.status 0.0.1, which was
generated by GNU Autoconf 2.62.  Invocation command line was

  CONFIG_FILES    = 
  CONFIG_HEADERS  = 
  CONFIG_LINKS    = 
  CONFIG_COMMANDS = 
  $ ./config.status config.h

on l-www1.xinwaihui.com

config.status:1010: creating config.h
config.status:1232: config.h is unchanged
